🩺 The doctor is checking the health of your Storybook..
╭ Incompatible packages found ────────────────────────────────────────────────────────────────────────────────────────────────────────╮
│                                                                                                                                     │
│   The following packages are incompatible with Storybook 6.1.20 as they depend on different major versions of Storybook packages:   │
│   - @storybook/addon-essentials@8.3.5                                                                                               │
│    Repo: https://github.com/storybookjs/storybook/tree/next/code/addons/essentials                                                  │
│   - @storybook/addon-interactions@8.3.5                                                                                             │
│    Repo: https://github.com/storybookjs/storybook/tree/next/code/addons/interactions                                                │
│   - @storybook/addon-links@8.3.5                                                                                                    │
│    Repo: https://github.com/storybookjs/storybook/tree/next/code/addons/links                                                       │
│   - @storybook/addon-onboarding@8.3.5                                                                                               │
│    Repo: https://github.com/storybookjs/storybook/tree/next/code/addons/onboarding                                                  │
│   - @storybook/blocks@8.3.5                                                                                                         │
│    Repo: https://github.com/storybookjs/storybook/tree/next/code/lib/blocks                                                         │
│   - @storybook/nextjs@8.3.5                                                                                                         │
│    Repo: https://github.com/storybookjs/storybook/tree/next/code/frameworks/nextjs                                                  │
│   - @storybook/test@8.3.5                                                                                                           │
│    Repo: https://github.com/storybookjs/storybook/tree/next/code/lib/test                                                           │
│   - storybook@8.3.5                                                                                                                 │
│    Repo: https://github.com/storybookjs/storybook/tree/next/code/lib/cli                                                            │
│                                                                                                                                     │
│                                                                                                                                     │
│   Please consider updating your packages or contacting the maintainers for compatibility details.                                   │
│   For more on Storybook 8 compatibility, see the linked GitHub issue:                                                               │
│   https://github.com/storybookjs/storybook/issues/26031                                                                             │
│                                                                                                                                     │
╰─────────────────────────────────────────────────────────────────────────────────────────────────────────────────────────────────────╯

You can always recheck the health of your project by running:
npx storybook doctor

Full logs are available in /home/camilasantos/repo/estudos/next/app-main/doctor-storybook.log

